<?xml version="1.0" encoding="UTF-8"?>
<!-- Generated by org.testng.reporters.JUnitReportReporter -->
<testsuite hostname="jyoti" failures="0" tests="1" name="com.MyBankingProject.testCases.TC_AddCustomerPage_003" time="24.816" errors="0" timestamp="2020-05-06T18:05:02 IST" skipped="0">
  <testcase classname="com.MyBankingProject.testCases.TC_AddCustomerPage_003" name="addNewCustomer" time="24.816"/>
</testsuite> <!-- com.MyBankingProject.testCases.TC_AddCustomerPage_003 -->
