<?xml version="1.0" encoding="UTF-8"?>
<!-- Generated by org.testng.reporters.JUnitReportReporter -->
<testsuite hostname="jyoti" failures="0" tests="1" name="com.MyBankingProject.testCases.TC_AddCustomerPage_003" time="28.839" errors="0" timestamp="2020-05-09T11:42:41 IST" skipped="0">
  <testcase classname="com.MyBankingProject.testCases.TC_AddCustomerPage_003" name="addNewCustomer" time="28.839"/>
</testsuite> <!-- com.MyBankingProject.testCases.TC_AddCustomerPage_003 -->
