<?xml version="1.0" encoding="UTF-8"?>
<!-- Generated by org.testng.reporters.JUnitReportReporter -->
<testsuite hostname="jyoti" failures="0" tests="1" name="com.MyBankingProject.testCases.TC_EditCustomer_004" time="11.617" errors="0" timestamp="2020-05-11T12:01:09 IST" skipped="0">
  <testcase classname="com.MyBankingProject.testCases.TC_EditCustomer_004" name="editCustomer" time="11.617"/>
</testsuite> <!-- com.MyBankingProject.testCases.TC_EditCustomer_004 -->
