<?xml version="1.0" encoding="UTF-8"?>
<!-- Generated by org.testng.reporters.JUnitReportReporter -->
<testsuite hostname="jyoti" failures="0" tests="1" name="com.MyBankingProject.testCases.TC_AddCustomerPage_003" time="47.936" errors="0" timestamp="2020-05-07T19:05:25 IST" skipped="0">
  <testcase classname="com.MyBankingProject.testCases.TC_AddCustomerPage_003" name="addNewCustomer" time="47.936"/>
</testsuite> <!-- com.MyBankingProject.testCases.TC_AddCustomerPage_003 -->
